Arguments: 
  /Users/jmcnally/.nvm/versions/node/v6.3.1/bin/node /Users/jmcnally/.nvm/versions/node/v6.3.1/bin/yarn init

PATH: 
  /Users/jmcnally/.nvm/versions/node/v6.3.1/bin:/Development/Nim/bin:/Users/jmcnally/.nimble/bin:/usr/local/Cellar/postgresql/9.3.5_1/bin:/usr/local/opt/gnu-tar/libexec/gnubin:/Users/jmcnally/.rvm/gems/ruby-2.2.5/bin:/Users/jmcnally/.rvm/gems/ruby-2.2.5@global/bin:/Users/jmcnally/.rvm/rubies/ruby-2.2.5/bin:/usr/local/bin:/usr/local/sbin:/usr/bin:/bin:/usr/sbin:/sbin:/Users/jmcnally/.rvm/bin:/Development/android/build-tools/23.0.1:/Applications/LibreOffice.app/Contents/MacOS:/Development/android/tools:/Development/android/platform-tools:/usr/local/m-cli:/usr/local/opt/go/libexec/bin:/Users/jmcnally/.yadr/bin:/Users/jmcnally/.yadr/bin/yadr:/usr/local/opt/go/libexec/bin:/Users/jmcnally/go/bin:/Users/jmcnally/.rvm/bin

Yarn version: 
  0.18.1

Node version: 
  6.3.1

Platform: 
  darwin x64

npm manifest: 
  {
    "name": "node-starter",
    "version": "1.0.0",
    "description": "Starter template for node",
    "main": "index.js",
    "scripts": {
      "start": "babel-node index.js",
      "dev": "nodemon index.js --exec babel-node",
      "test": "echo \"Error: no test specified\" && exit 1"
    },
    "repository": {
      "type": "git",
      "url": "github.com/j-mcnally/node-starter"
    },
    "keywords": [
      "node-template"
    ],
    "author": "j-mcnally",
    "license": "ISC",
    "devDependencies": {
      "babel": "^6.5.2",
      "babel-cli": "^6.11.4",
      "babel-preset-es2015": "^6.9.0",
      "babel-preset-stage-2": "^6.11.0",
      "babel-preset-stage-3": "^6.11.0",
      "babel-preset-es2017": "^1.6.1",
      "nodemon": "^1.10.0"
    },
    "dependencies": {
      "express.oi": "0.0.21",
      "mongorito": "^2.1.2",
      "node-uuid": "^1.4.7"
    }
  }

yarn manifest: 
  No manifest

Lockfile: 
  No lockfile

Trace: 
  TypeError: Cannot convert object to primitive value
      at Object.<anonymous> (/Users/jmcnally/.nvm/versions/node/v6.3.1/lib/node_modules/yarn/lib/cli/commands/init.js:93:27)
      at next (native)
      at step (/Users/jmcnally/.nvm/versions/node/v6.3.1/lib/node_modules/yarn/node_modules/babel-runtime/helpers/asyncToGenerator.js:17:30)
      at /Users/jmcnally/.nvm/versions/node/v6.3.1/lib/node_modules/yarn/node_modules/babel-runtime/helpers/asyncToGenerator.js:28:13
      at run (/Users/jmcnally/.nvm/versions/node/v6.3.1/lib/node_modules/yarn/node_modules/core-js/library/modules/es6.promise.js:87:22)
      at /Users/jmcnally/.nvm/versions/node/v6.3.1/lib/node_modules/yarn/node_modules/core-js/library/modules/es6.promise.js:100:28
      at flush (/Users/jmcnally/.nvm/versions/node/v6.3.1/lib/node_modules/yarn/node_modules/core-js/library/modules/_microtask.js:18:9)
      at _combinedTickCallback (internal/process/next_tick.js:67:7)
      at process._tickCallback (internal/process/next_tick.js:98:9)
